<?xml version="1.0" encoding="UTF-8"?>
<robot generator="Robot 3.2.2 (Python 3.12.0 on win32)" generated="20231221 12:24:45.377" rpa="false">
<suite id="s1" name="Automation DDT" source="C:\Users\rahul.yadav\Workspace1\Automation_DDT">
<suite id="s1-s1" name="TestCases" source="C:\Users\rahul.yadav\Workspace1\Automation_DDT\TestCases">
<suite id="s1-s1-s1" name="CUSTOMERONBOARD" source="C:\Users\rahul.yadav\Workspace1\Automation_DDT\TestCases\CUSTOMERONBOARD.robot">
<test id="s1-s1-s1-t1" name=" Connect to Database">
<kw name="Connect To Database" library="DatabaseLibrary">
<doc>Loads the DB API 2.0 module given ``dbapiModuleName`` then uses it to
connect to the database using provided parameters such as ``dbName``, ``dbUsername``, and ``dbPassword``.</doc>
<arguments>
<arg>pymysql</arg>
<arg>${DB_NAME}</arg>
<arg>${DB_USER}</arg>
<arg>${DB_PASSWORD}</arg>
<arg>${DB_HOST}</arg>
<arg>${DB_PORT}</arg>
</arguments>
<msg timestamp="20231221 12:24:45.686" level="INFO">Connecting using : pymysql.connect(db=demo_digital1, user=root, passwd=***, host=192.168.1.49, port=3306, charset=None)</msg>
<status status="PASS" starttime="20231221 12:24:45.602" endtime="20231221 12:24:45.774"></status>
</kw>
<status status="PASS" starttime="20231221 12:24:45.601" endtime="20231221 12:24:45.775" critical="yes"></status>
</test>
<test id="s1-s1-s1-t2" name="Execute SQL Query">
<kw name="Execute Sql String" library="DatabaseLibrary">
<doc>Executes the sqlString as SQL commands. Useful to pass arguments to your sql.
SQL commands are expected to be delimited by a semicolon (';').</doc>
<arguments>
<arg>SELECT * FROM SEC_USER_M WHERE USER_ID = 'ADMIN' ;</arg>
</arguments>
<assign>
<var>${outputlog}</var>
</assign>
<msg timestamp="20231221 12:24:45.777" level="INFO">Executing : Execute SQL String  |  SELECT * FROM SEC_USER_M WHERE USER_ID = 'ADMIN' ;</msg>
<msg timestamp="20231221 12:24:45.800" level="INFO">${outputlog} = None</msg>
<status status="PASS" starttime="20231221 12:24:45.777" endtime="20231221 12:24:45.800"></status>
</kw>
<kw name="Log" library="BuiltIn">
<doc>Logs the given message with the given level.</doc>
<arguments>
<arg>${outputlog}</arg>
</arguments>
<msg timestamp="20231221 12:24:45.801" level="INFO">None</msg>
<status status="PASS" starttime="20231221 12:24:45.801" endtime="20231221 12:24:45.801"></status>
</kw>
<status status="PASS" starttime="20231221 12:24:45.775" endtime="20231221 12:24:45.801" critical="yes"></status>
</test>
<test id="s1-s1-s1-t3" name="Verify Login Pass-Correct username and password">
<kw name="Open Browser" library="SeleniumLibrary">
<doc>Opens a new browser instance to the given ``url``.</doc>
<arguments>
<arg>${URL}</arg>
<arg>${BROWSER}</arg>
</arguments>
<msg timestamp="20231221 12:24:45.802" level="INFO">Opening browser 'chrome' to base url 'http://localhost:8100/'.</msg>
<status status="PASS" starttime="20231221 12:24:45.802" endtime="20231221 12:24:49.173"></status>
</kw>
<kw name="Set Selenium Implicit Wait" library="SeleniumLibrary">
<doc>Sets the implicit wait value used by Selenium.</doc>
<arguments>
<arg>1s</arg>
</arguments>
<status status="PASS" starttime="20231221 12:24:49.173" endtime="20231221 12:24:49.187"></status>
</kw>
<kw name="Maximize Browser Window" library="SeleniumLibrary">
<doc>Maximizes current browser window.</doc>
<status status="PASS" starttime="20231221 12:24:49.187" endtime="20231221 12:24:50.354"></status>
</kw>
<kw name="Select Frame" library="SeleniumLibrary">
<doc>Sets frame identified by ``locator`` as the current frame.</doc>
<arguments>
<arg>removeframe</arg>
</arguments>
<msg timestamp="20231221 12:24:50.355" level="INFO">Selecting frame 'removeframe'.</msg>
<status status="PASS" starttime="20231221 12:24:50.354" endtime="20231221 12:24:50.398"></status>
</kw>
<kw name="Sleep" library="BuiltIn">
<doc>Pauses the test executed for the given time.</doc>
<arguments>
<arg>2</arg>
</arguments>
<msg timestamp="20231221 12:24:52.399" level="INFO">Slept 2 seconds</msg>
<status status="PASS" starttime="20231221 12:24:50.399" endtime="20231221 12:24:52.399"></status>
</kw>
<kw name="Input Text" library="SeleniumLibrary">
<doc>Types the given ``text`` into text field identified by ``locator``.</doc>
<arguments>
<arg>${txtbox_username}</arg>
<arg>Admin</arg>
</arguments>
<msg timestamp="20231221 12:24:52.400" level="INFO">Typing text 'Admin' into text field 'xpath://*[@id='content']/app-login/div[1]/div[2]/div[2]/div/form/div[1]/input'.</msg>
<status status="PASS" starttime="20231221 12:24:52.399" endtime="20231221 12:24:52.505"></status>
</kw>
<kw name="Input Password" library="SeleniumLibrary">
<doc>Types the given password into text field identified by ``locator``.</doc>
<arguments>
<arg>${txtbox_password}</arg>
<arg>a</arg>
</arguments>
<msg timestamp="20231221 12:24:52.505" level="INFO">Typing password into text field 'xpath://*[@id='content']/app-login/div[1]/div[2]/div[2]/div/form/div[2]/input'.</msg>
<status status="PASS" starttime="20231221 12:24:52.505" endtime="20231221 12:24:52.599"></status>
</kw>
<kw name="Sleep" library="BuiltIn">
<doc>Pauses the test executed for the given time.</doc>
<arguments>
<arg>2</arg>
</arguments>
<msg timestamp="20231221 12:24:54.600" level="INFO">Slept 2 seconds</msg>
<status status="PASS" starttime="20231221 12:24:52.599" endtime="20231221 12:24:54.600"></status>
</kw>
<kw name="Click Element" library="SeleniumLibrary">
<doc>Click element identified by ``locator``.</doc>
<arguments>
<arg>${BUTTON_LOGIN}</arg>
</arguments>
<msg timestamp="20231221 12:24:54.602" level="INFO">Clicking element 'xpath://*[@id='content']/app-login/div[1]/div[2]/div[2]/div/form/div[4]/a'.</msg>
<status status="PASS" starttime="20231221 12:24:54.601" endtime="20231221 12:24:54.694"></status>
</kw>
<kw name="Sleep" library="BuiltIn">
<doc>Pauses the test executed for the given time.</doc>
<arguments>
<arg>1</arg>
</arguments>
<msg timestamp="20231221 12:24:55.697" level="INFO">Slept 1 second</msg>
<status status="PASS" starttime="20231221 12:24:54.695" endtime="20231221 12:24:55.697"></status>
</kw>
<kw name="Unselect Frame" library="SeleniumLibrary">
<doc>Sets the main frame as the current frame.</doc>
<status status="PASS" starttime="20231221 12:24:55.698" endtime="20231221 12:24:55.703"></status>
</kw>
<kw name="Select Frame" library="SeleniumLibrary">
<doc>Sets frame identified by ``locator`` as the current frame.</doc>
<arguments>
<arg>removeframe</arg>
</arguments>
<msg timestamp="20231221 12:24:55.703" level="INFO">Selecting frame 'removeframe'.</msg>
<status status="PASS" starttime="20231221 12:24:55.703" endtime="20231221 12:24:55.723"></status>
</kw>
<kw name="Sleep" library="BuiltIn">
<doc>Pauses the test executed for the given time.</doc>
<arguments>
<arg>2</arg>
</arguments>
<msg timestamp="20231221 12:24:57.724" level="INFO">Slept 2 seconds</msg>
<status status="PASS" starttime="20231221 12:24:55.723" endtime="20231221 12:24:57.724"></status>
</kw>
<kw name="Set Focus To Element" library="SeleniumLibrary">
<doc>Sets focus to element identified by ``locator``.</doc>
<arguments>
<arg>xpath://*[@id='content']/app-welcomes/div/div/app-omnifin-fin-dashboard/div/div[2]/div/div/div[1]/div</arg>
</arguments>
<kw name="Capture Page Screenshot" library="SeleniumLibrary">
<doc>Takes screenshot of the current page and embeds it into log file.</doc>
<msg timestamp="20231221 12:24:59.238" level="INFO" html="yes">&lt;/td&gt;&lt;/tr&gt;&lt;tr&gt;&lt;td colspan="3"&gt;&lt;a href="selenium-screenshot-321.png"&gt;&lt;img src="selenium-screenshot-321.png" width="800px"&gt;&lt;/a&gt;</msg>
<status status="PASS" starttime="20231221 12:24:58.737" endtime="20231221 12:24:59.238"></status>
</kw>
<msg timestamp="20231221 12:24:59.240" level="FAIL">Element with locator 'xpath://*[@id='content']/app-welcomes/div/div/app-omnifin-fin-dashboard/div/div[2]/div/div/div[1]/div' not found.</msg>
<status status="FAIL" starttime="20231221 12:24:57.725" endtime="20231221 12:24:59.240"></status>
</kw>
