<?xml version="1.0" encoding="UTF-8"?>
<robot generator="Robot 3.2.2 (Python 3.12.0 on win32)" generated="20231010 18:39:47.991" rpa="false">
<suite id="s1" name="RobotProject" source="C:\Users\rahul.yadav\Workspace1\RobotProject">
<suite id="s1-s1" name="TS2" source="C:\Users\rahul.yadav\Workspace1\RobotProject\TS2.robot">
<test id="s1-s1-t1" name="CoreLogin">
<kw name="Open Browser" library="SeleniumLibrary">
<doc>Opens a new browser instance to the given ``url``.</doc>
<arguments>
<arg>http://115.124.101.16:9090/OmniFin</arg>
<arg>Chrome</arg>
</arguments>
<msg timestamp="20231010 18:39:48.147" level="INFO">Opening browser 'Chrome' to base url 'http://115.124.101.16:9090/OmniFin'.</msg>
<status status="PASS" starttime="20231010 18:39:48.147" endtime="20231010 18:39:49.757"></status>
</kw>
<kw name="Sleep" library="BuiltIn">
<doc>Pauses the test executed for the given time.</doc>
<arguments>
<arg>3</arg>
</arguments>
<msg timestamp="20231010 18:39:52.758" level="INFO">Slept 3 seconds</msg>
<status status="PASS" starttime="20231010 18:39:49.758" endtime="20231010 18:39:52.758"></status>
</kw>
<kw name="Input Text" library="SeleniumLibrary">
<doc>Types the given ``text`` into text field identified by ``locator``.</doc>
<arguments>
<arg>//*[@id="userName"]</arg>
<arg>EC151</arg>
</arguments>
<msg timestamp="20231010 18:39:52.760" level="INFO">Typing text 'EC151' into text field '//*[@id="userName"]'.</msg>
<kw name="Capture Page Screenshot" library="SeleniumLibrary">
<doc>Takes screenshot of the current page and embeds it into log file.</doc>
<msg timestamp="20231010 18:39:52.893" level="INFO" html="yes">&lt;/td&gt;&lt;/tr&gt;&lt;tr&gt;&lt;td colspan="3"&gt;&lt;a href="selenium-screenshot-49.png"&gt;&lt;img src="selenium-screenshot-49.png" width="800px"&gt;&lt;/a&gt;</msg>
<status status="PASS" starttime="20231010 18:39:52.779" endtime="20231010 18:39:52.894"></status>
</kw>
<msg timestamp="20231010 18:39:52.895" level="FAIL">Element with locator '//*[@id="userName"]' not found.</msg>
<status status="FAIL" starttime="20231010 18:39:52.759" endtime="20231010 18:39:52.896"></status>
</kw>
<doc>Login Test For Core</doc>
<status status="FAIL" starttime="20231010 18:39:48.146" endtime="20231010 18:39:52.896" critical="yes">Element with locator '//*[@id="userName"]' not found.</status>
</test>
<status status="FAIL" starttime="20231010 18:39:48.028" endtime="20231010 18:39:52.896"></status>
</suite>
<status status="FAIL" starttime="20231010 18:39:48.015" endtime="20231010 18:39:52.897"></status>
</suite>
<statistics>
<total>
<stat pass="0" fail="1">Critical Tests</stat>
<stat pass="0" fail="1">All Tests</stat>
</total>
<tag>
</tag>
<suite>
<stat pass="0" fail="1" id="s1" name="RobotProject">RobotProject</stat>
<stat pass="0" fail="1" id="s1-s1" name="TS2">RobotProject.TS2</stat>
</suite>
</statistics>
<errors>
</errors>
</robot>
