<?xml version="1.0" encoding="UTF-8"?>
<robot generator="Robot 3.2.2 (Python 3.12.0 on win32)" generated="20231031 10:26:26.349" rpa="false">
<suite id="s1" name="RobotCapIndia" source="C:\Users\rahul.yadav\Workspace1\RobotCapIndia">
<suite id="s1-s1" name="Demo" source="C:\Users\rahul.yadav\Workspace1\RobotCapIndia\Demo.robot">
<test id="s1-s1-t1" name="Demo">
<kw name="Open Browser" library="SeleniumLibrary">
<doc>Opens a new browser instance to the given ``url``.</doc>
<arguments>
<arg>http://localhost:8100/</arg>
<arg>Chrome</arg>
</arguments>
<msg timestamp="20231031 10:26:26.518" level="INFO">Opening browser 'Chrome' to base url 'http://localhost:8100/'.</msg>
<status status="PASS" starttime="20231031 10:26:26.517" endtime="20231031 10:26:31.425"></status>
</kw>
<kw name="Maximize Browser Window" library="SeleniumLibrary">
<doc>Maximizes current browser window.</doc>
<status status="PASS" starttime="20231031 10:26:31.426" endtime="20231031 10:26:31.538"></status>
</kw>
<kw name="Set Selenium Implicit Wait" library="SeleniumLibrary">
<doc>Sets the implicit wait value used by Selenium.</doc>
<arguments>
<arg>0.5s</arg>
</arguments>
<status status="PASS" starttime="20231031 10:26:31.538" endtime="20231031 10:26:31.539"></status>
</kw>
<kw name="Select Frame" library="SeleniumLibrary">
<doc>Sets frame identified by ``locator`` as the current frame.</doc>
<arguments>
<arg>removeframe</arg>
</arguments>
<msg timestamp="20231031 10:26:31.539" level="INFO">Selecting frame 'removeframe'.</msg>
<status status="PASS" starttime="20231031 10:26:31.539" endtime="20231031 10:26:31.565"></status>
</kw>
<kw name="Set Focus To Element" library="SeleniumLibrary">
<doc>Sets focus to element identified by ``locator``.</doc>
<arguments>
<arg>//*[@id='content']/app-login/div[1]/div[2]/div[2]/div/form/div[1]/input</arg>
</arguments>
<status status="PASS" starttime="20231031 10:26:31.565" endtime="20231031 10:26:31.609"></status>
</kw>
<kw name="Input Text" library="SeleniumLibrary">
<doc>Types the given ``text`` into text field identified by ``locator``.</doc>
<arguments>
<arg>//*[@id='content']/app-login/div[1]/div[2]/div[2]/div/form/div[1]/input</arg>
<arg>226010</arg>
</arguments>
<msg timestamp="20231031 10:26:31.610" level="INFO">Typing text '226010' into text field '//*[@id='content']/app-login/div[1]/div[2]/div[2]/div/form/div[1]/input'.</msg>
<kw name="Capture Page Screenshot" library="SeleniumLibrary">
<doc>Takes screenshot of the current page and embeds it into log file.</doc>
<msg timestamp="20231031 10:26:31.908" level="INFO" html="yes">&lt;/td&gt;&lt;/tr&gt;&lt;tr&gt;&lt;td colspan="3"&gt;&lt;a href="selenium-screenshot-313.png"&gt;&lt;img src="selenium-screenshot-313.png" width="800px"&gt;&lt;/a&gt;</msg>
<status status="PASS" starttime="20231031 10:26:31.665" endtime="20231031 10:26:31.908"></status>
</kw>
<msg timestamp="20231031 10:26:31.914" level="FAIL">InvalidElementStateException: Message: invalid element state: Element is not currently interactable and may not be manipulated
  (Session info: chrome=118.0.5993.118)
Stacktrace:
	GetHandleVerifier [0x00007FF75BBA7D12+55474]
	(No symbol) [0x00007FF75BB177C2]
	(No symbol) [0x00007FF75B9CE0EB]
	(No symbol) [0x00007FF75B9D2B1D]
	(No symbol) [0x00007FF75B9D460F]
	(No symbol) [0x00007FF75B9D4678]
	(No symbol) [0x00007FF75B9D4700]
	(No symbol) [0x00007FF75BA0782B]
	(No symbol) [0x00007FF75BA2F15A]
	(No symbol) [0x00007FF75BA056E6]
	(No symbol) [0x00007FF75BA2F370]
	(No symbol) [0x00007FF75BA47EF2]
	(No symbol) [0x00007FF75BA2EF33]
	(No symbol) [0x00007FF75BA03D41]
	(No symbol) [0x00007FF75BA04F84]
	GetHandleVerifier [0x00007FF75BF0B762+3609346]
	GetHandleVerifier [0x00007FF75BF61A80+3962400]
	GetHandleVerifier [0x00007FF75BF59F0F+3930799]
	GetHandleVerifier [0x00007FF75BC43CA6+694342]
	(No symbol) [0x00007FF75BB22218]
	(No symbol) [0x00007FF75BB1E484]
	(No symbol) [0x00007FF75BB1E5B2]
	(No symbol) [0x00007FF75BB0EE13]
	BaseThreadInitThunk [0x00007FFB8D7E7344+20]
	RtlUserThreadStart [0x00007FFB8EBA26B1+33]
</msg>
<status status="FAIL" starttime="20231031 10:26:31.609" endtime="20231031 10:26:31.915"></status>
</kw>
<status status="FAIL" starttime="20231031 10:26:26.517" endtime="20231031 10:26:31.915" critical="yes">InvalidElementStateException: Message: invalid element state: Element is not currently interactable and may not be manipulated
  (Session info: chrome=118.0.5993.118)
Stacktrace:
	GetHandleVerifier [0x00007FF75BBA7D12+55474]
	(No symbol) [0x00007FF75BB177C2]
	(No symbol) [0x00007FF75B9CE0EB]
	(No symbol) [0x00007FF75B9D2B1D]
	(No symbol) [0x00007FF75B9D460F]
	(No symbol) [0x00007FF75B9D4678]
	(No symbol) [0x00007FF75B9D4700]
	(No symbol) [0x00007FF75BA0782B]
	(No symbol) [0x00007FF75BA2F15A]
	(No symbol) [0x00007FF75BA056E6]
	(No symbol) [0x00007FF75BA2F370]
	(No symbol) [0x00007FF75BA47EF2]
	(No symbol) [0x00007FF75BA2EF33]
	(No symbol) [0x00007FF75BA03D41]
	(No symbol) [0x00007FF75BA04F84]
	GetHandleVerifier [0x00007FF75BF0B762+3609346]
	GetHandleVerifier [0x00007FF75BF61A80+3962400]
	GetHandleVerifier [0x00007FF75BF59F0F+3930799]
	GetHandleVerifier [0x00007FF75BC43CA6+694342]
	(No symbol) [0x00007FF75BB22218]
	(No symbol) [0x00007FF75BB1E484]
	(No symbol) [0x00007FF75BB1E5B2]
	(No symbol) [0x00007FF75BB0EE13]
	BaseThreadInitThunk [0x00007FFB8D7E7344+20]
	RtlUserThreadStart [0x00007FFB8EBA26B1+33]
</status>
</test>
<status status="FAIL" starttime="20231031 10:26:26.389" endtime="20231031 10:26:31.915"></status>
</suite>
<status status="FAIL" starttime="20231031 10:26:26.374" endtime="20231031 10:26:31.916"></status>
</suite>
<statistics>
<total>
<stat pass="0" fail="1">Critical Tests</stat>
<stat pass="0" fail="1">All Tests</stat>
</total>
<tag>
</tag>
<suite>
<stat pass="0" fail="1" id="s1" name="RobotCapIndia">RobotCapIndia</stat>
<stat pass="0" fail="1" id="s1-s1" name="Demo">RobotCapIndia.Demo</stat>
</suite>
</statistics>
<errors>
</errors>
</robot>
