<?xml version="1.0" encoding="UTF-8"?>
<robot generator="Robot 3.2.2 (Python 3.12.0 on win32)" generated="20240109 10:42:36.876" rpa="false">
<suite id="s1" name="Satya Project" source="C:\Users\rahul.yadav\Workspace1\Satya_Project">
<suite id="s1-s1" name="TestCases" source="C:\Users\rahul.yadav\Workspace1\Satya_Project\TestCases">
<suite id="s1-s1-s1" name="Lead" source="C:\Users\rahul.yadav\Workspace1\Satya_Project\TestCases\Lead.robot">
<test id="s1-s1-s1-t1" name=" Connect to Database">
<kw name="Connect To Database" library="DatabaseLibrary">
<doc>Loads the DB API 2.0 module given ``dbapiModuleName`` then uses it to
connect to the database using provided parameters such as ``dbName``, ``dbUsername``, and ``dbPassword``.</doc>
<arguments>
<arg>pymysql</arg>
<arg>${DB_NAME}</arg>
<arg>${DB_USER}</arg>
<arg>${DB_PASSWORD}</arg>
<arg>${DB_HOST}</arg>
<arg>${DB_PORT}</arg>
</arguments>
<msg timestamp="20240109 10:42:37.142" level="INFO">Connecting using : pymysql.connect(db=demo_digital1, user=root, passwd=***, host=192.168.1.49, port=3306, charset=None)</msg>
<status status="PASS" starttime="20240109 10:42:37.097" endtime="20240109 10:42:37.248"></status>
</kw>
<status status="PASS" starttime="20240109 10:42:37.095" endtime="20240109 10:42:37.248" critical="yes"></status>
</test>
<test id="s1-s1-s1-t2" name="Execute SQL Query">
<kw name="Execute Sql String" library="DatabaseLibrary">
<doc>Executes the sqlString as SQL commands. Useful to pass arguments to your sql.
SQL commands are expected to be delimited by a semicolon (';').</doc>
<arguments>
<arg>SELECT * FROM SEC_USER_M WHERE USER_ID = 'ADMIN' ;</arg>
</arguments>
<assign>
<var>${outputlog}</var>
</assign>
<msg timestamp="20240109 10:42:37.250" level="INFO">Executing : Execute SQL String  |  SELECT * FROM SEC_USER_M WHERE USER_ID = 'ADMIN' ;</msg>
<msg timestamp="20240109 10:42:37.297" level="INFO">${outputlog} = None</msg>
<status status="PASS" starttime="20240109 10:42:37.250" endtime="20240109 10:42:37.297"></status>
</kw>
<kw name="Log" library="BuiltIn">
<doc>Logs the given message with the given level.</doc>
<arguments>
<arg>${outputlog}</arg>
</arguments>
<msg timestamp="20240109 10:42:37.298" level="INFO">None</msg>
<status status="PASS" starttime="20240109 10:42:37.297" endtime="20240109 10:42:37.298"></status>
</kw>
<status status="PASS" starttime="20240109 10:42:37.249" endtime="20240109 10:42:37.298" critical="yes"></status>
</test>
<test id="s1-s1-s1-t3" name="Verify Login Pass-Correct username and password">
<kw name="Open Browser" library="SeleniumLibrary">
<doc>Opens a new browser instance to the given ``url``.</doc>
<arguments>
<arg>${URL}</arg>
<arg>${BROWSER}</arg>
</arguments>
<msg timestamp="20240109 10:42:37.301" level="INFO">Opening browser 'chrome' to base url 'http://192.168.1.43:9090/OmniFinHybridDigitalLOS/'.</msg>
<status status="PASS" starttime="20240109 10:42:37.301" endtime="20240109 10:42:39.928"></status>
</kw>
<kw name="Set Selenium Implicit Wait" library="SeleniumLibrary">
<doc>Sets the implicit wait value used by Selenium.</doc>
<arguments>
<arg>1s</arg>
</arguments>
<status status="PASS" starttime="20240109 10:42:39.929" endtime="20240109 10:42:39.930"></status>
</kw>
<kw name="Maximize Browser Window" library="SeleniumLibrary">
<doc>Maximizes current browser window.</doc>
<status status="PASS" starttime="20240109 10:42:39.930" endtime="20240109 10:42:40.049"></status>
</kw>
<kw name="Sleep" library="BuiltIn">
<doc>Pauses the test executed for the given time.</doc>
<arguments>
<arg>2</arg>
</arguments>
<msg timestamp="20240109 10:42:42.051" level="INFO">Slept 2 seconds</msg>
<status status="PASS" starttime="20240109 10:42:40.049" endtime="20240109 10:42:42.051"></status>
</kw>
<kw name="Input Text" library="SeleniumLibrary">
<doc>Types the given ``text`` into text field identified by ``locator``.</doc>
<arguments>
<arg>${txtbox_username}</arg>
<arg>Admin</arg>
</arguments>
<msg timestamp="20240109 10:42:42.052" level="INFO">Typing text 'Admin' into text field 'xpath://*[@id='content']/app-login/div[1]/div[2]/div[2]/div/form/div[1]/input'.</msg>
<status status="PASS" starttime="20240109 10:42:42.051" endtime="20240109 10:42:42.151"></status>
</kw>
<kw name="Input Password" library="SeleniumLibrary">
<doc>Types the given password into text field identified by ``locator``.</doc>
<arguments>
<arg>${txtbox_password}</arg>
<arg>a</arg>
</arguments>
<msg timestamp="20240109 10:42:42.152" level="INFO">Typing password into text field 'xpath://*[@id='content']/app-login/div[1]/div[2]/div[2]/div/form/div[2]/input'.</msg>
<status status="PASS" starttime="20240109 10:42:42.152" endtime="20240109 10:42:42.227"></status>
</kw>
<kw name="Sleep" library="BuiltIn">
<doc>Pauses the test executed for the given time.</doc>
<arguments>
<arg>2</arg>
</arguments>
<msg timestamp="20240109 10:42:44.227" level="INFO">Slept 2 seconds</msg>
<status status="PASS" starttime="20240109 10:42:42.227" endtime="20240109 10:42:44.227"></status>
</kw>
<kw name="Click Element" library="SeleniumLibrary">
<doc>Click element identified by ``locator``.</doc>
<arguments>
<arg>${BUTTON_LOGIN}</arg>
</arguments>
<msg timestamp="20240109 10:42:44.230" level="INFO">Clicking element 'xpath://*[@id='content']/app-login/div[1]/div[2]/div[2]/div/form/div[4]/a'.</msg>
<status status="PASS" starttime="20240109 10:42:44.228" endtime="20240109 10:42:44.278"></status>
</kw>
<kw name="Sleep" library="BuiltIn">
<doc>Pauses the test executed for the given time.</doc>
<arguments>
<arg>2</arg>
</arguments>
<msg timestamp="20240109 10:42:46.280" level="INFO">Slept 2 seconds</msg>
<status status="PASS" starttime="20240109 10:42:44.279" endtime="20240109 10:42:46.281"></status>
</kw>
<status status="PASS" starttime="20240109 10:42:37.299" endtime="20240109 10:42:46.281" critical="yes"></status>
</test>
<test id="s1-s1-s1-t4" name="Click on Lead Processing">
<kw name="Set Focus To Element" library="SeleniumLibrary">
<doc>Sets focus to element identified by ``locator``.</doc>
<arguments>
<arg>xpath://*[@id='content']/app-welcomes/div/div/app-omnifin-fin-dashboard/div/div[2]/div/div/div[1]/div/div/div</arg>
</arguments>
<status status="PASS" starttime="20240109 10:42:46.283" endtime="20240109 10:42:46.334"></status>
</kw>
<kw name="Click Element" library="SeleniumLibrary">
<doc>Click element identified by ``locator``.</doc>
<arguments>
<arg>xpath://*[@id='content']/app-welcomes/div/div/app-omnifin-fin-dashboard/div/div[2]/div/div/div[1]/div/div/div</arg>
</arguments>
<msg timestamp="20240109 10:42:46.335" level="INFO">Clicking element 'xpath://*[@id='content']/app-welcomes/div/div/app-omnifin-fin-dashboard/div/div[2]/div/div/div[1]/div/div/div'.</msg>
<status status="PASS" starttime="20240109 10:42:46.335" endtime="20240109 10:42:48.068"></status>
</kw>
<kw name="Sleep" library="BuiltIn">
<doc>Pauses the test executed for the given time.</doc>
<arguments>
<arg>2</arg>
</arguments>
<msg timestamp="20240109 10:42:50.069" level="INFO">Slept 2 seconds</msg>
<status status="PASS" starttime="20240109 10:42:48.069" endtime="20240109 10:42:50.070"></status>
</kw>
<status status="PASS" starttime="20240109 10:42:46.282" endtime="20240109 10:42:50.070" critical="yes"></status>
</test>
<test id="s1-s1-s1-t5" name="Click on New Lead">
<kw name="Set Focus To Element" library="SeleniumLibrary">
<doc>Sets focus to element identified by ``locator``.</doc>
<arguments>
<arg>xpath://*[@id='v-pills-one']/div[1]/a</arg>
</arguments>
<status status="PASS" starttime="20240109 10:42:50.073" endtime="20240109 10:42:50.096"></status>
</kw>
<kw name="Click Element" library="SeleniumLibrary">
<doc>Click element identified by ``locator``.</doc>
<arguments>
<arg>xpath://*[@id='v-pills-one']/div[1]/a</arg>
</arguments>
<msg timestamp="20240109 10:42:50.096" level="INFO">Clicking element 'xpath://*[@id='v-pills-one']/div[1]/a'.</msg>
<status status="PASS" starttime="20240109 10:42:50.096" endtime="20240109 10:42:50.199"></status>
</kw>
<kw name="Sleep" library="BuiltIn">
<doc>Pauses the test executed for the given time.</doc>
<arguments>
<arg>2</arg>
</arguments>
<msg timestamp="20240109 10:42:52.201" level="INFO">Slept 2 seconds</msg>
<status status="PASS" starttime="20240109 10:42:50.199" endtime="20240109 10:42:52.201"></status>
</kw>
<status status="PASS" starttime="20240109 10:42:50.072" endtime="20240109 10:42:52.202" critical="yes"></status>
</test>
<test id="s1-s1-s1-t6" name="Dedupe">
<kw name="Set Focus To Element" library="SeleniumLibrary">
<doc>Sets focus to element identified by ``locator``.</doc>
<arguments>
<arg>xpath://*[@id='content']/app-lead-sale/div/div/app-lead/div[1]/div[2]/div/div/div/div/app-dedupe-customer/form/div/div/div[1]/div[1]/div[2]/div/select</arg>
</arguments>
<status status="PASS" starttime="20240109 10:42:52.205" endtime="20240109 10:42:52.233"></status>
</kw>
<kw name="Select From List By Value" library="SeleniumLibrary">
<doc>Selects options from selection list ``locator`` by ``values``.</doc>
<arguments>
<arg>xpath://*[@id="content"]/app-lead-sale/div/div/app-lead/div[1]/div[2]/div/div/div/div/app-dedupe-customer/form/div/div/div[1]/div[1]/div[2]/div/select</arg>
<arg>A</arg>
</arguments>
<msg timestamp="20240109 10:42:52.234" level="INFO">Selecting options from selection list 'xpath://*[@id="content"]/app-lead-sale/div/div/app-lead/div[1]/div[2]/div/div/div/div/app-dedupe-customer/form/div/div/div[1]/div[1]/div[2]/div/select' by value A.</msg>
<status status="PASS" starttime="20240109 10:42:52.233" endtime="20240109 10:42:52.298"></status>
</kw>
<status status="PASS" starttime="20240109 10:42:52.204" endtime="20240109 10:42:52.299" critical="yes"></status>
</test>
<test id="s1-s1-s1-t7" name="First Name">
<kw name="Set Focus To Element" library="SeleniumLibrary">
<doc>Sets focus to element identified by ``locator``.</doc>
<arguments>
<arg>xpath://*[@id='content']/app-lead-sale/div/div/app-lead/div[1]/div[2]/div/div/div/div/app-dedupe-customer/form/div/div/div[1]/div[2]/div[1]/div/input</arg>
</arguments>
<status status="PASS" starttime="20240109 10:42:52.299" endtime="20240109 10:42:52.322"></status>
</kw>
<kw name="Input Text" library="SeleniumLibrary">
<doc>Types the given ``text`` into text field identified by ``locator``.</doc>
<arguments>
<arg>xpath://*[@id='content']/app-lead-sale/div/div/app-lead/div[1]/div[2]/div/div/div/div/app-dedupe-customer/form/div/div/div[1]/div[2]/div[1]/div/input</arg>
<arg>RAHUL</arg>
</arguments>
<msg timestamp="20240109 10:42:52.323" level="INFO">Typing text 'RAHUL' into text field 'xpath://*[@id='content']/app-lead-sale/div/div/app-lead/div[1]/div[2]/div/div/div/div/app-dedupe-customer/form/div/div/div[1]/div[2]/div[1]/div/input'.</msg>
<status status="PASS" starttime="20240109 10:42:52.322" endtime="20240109 10:42:52.378"></status>
</kw>
<status status="PASS" starttime="20240109 10:42:52.299" endtime="20240109 10:42:52.379" critical="yes"></status>
</test>
<test id="s1-s1-s1-t8" name="Last Name">
<kw name="Set Focus To Element" library="SeleniumLibrary">
<doc>Sets focus to element identified by ``locator``.</doc>
<arguments>
<arg>xpath://*[@id='content']/app-lead-sale/div/div/app-lead/div[1]/div[2]/div/div/div/div/app-dedupe-customer/form/div/div/div[1]/div[2]/div[3]/div/input</arg>
</arguments>
<status status="PASS" starttime="20240109 10:42:52.380" endtime="20240109 10:42:52.411"></status>
</kw>
<kw name="Input Text" library="SeleniumLibrary">
<doc>Types the given ``text`` into text field identified by ``locator``.</doc>
<arguments>
<arg>xpath://*[@id='content']/app-lead-sale/div/div/app-lead/div[1]/div[2]/div/div/div/div/app-dedupe-customer/form/div/div/div[1]/div[2]/div[3]/div/input</arg>
<arg>YADAV</arg>
</arguments>
<msg timestamp="20240109 10:42:52.411" level="INFO">Typing text 'YADAV' into text field 'xpath://*[@id='content']/app-lead-sale/div/div/app-lead/div[1]/div[2]/div/div/div/div/app-dedupe-customer/form/div/div/div[1]/div[2]/div[3]/div/input'.</msg>
<status status="PASS" starttime="20240109 10:42:52.411" endtime="20240109 10:42:52.472"></status>
</kw>
<status status="PASS" starttime="20240109 10:42:52.379" endtime="20240109 10:42:52.473" critical="yes"></status>
</test>
<test id="s1-s1-s1-t9" name="Date of Birth">
<kw name="Date of Birth">
<arguments>
<arg>${DATE_OF_BIRTH}</arg>
</arguments>
<kw name="Click Element" library="SeleniumLibrary">
<doc>Click element identified by ``locator``.</doc>
<arguments>
<arg>xpath://*[@id='content']/app-lead-sale/div/div/app-lead/div[1]/div[2]/div/div/div/div/app-dedupe-customer/form/div/div/div[1]/div[2]/div[4]/div/input</arg>
</arguments>
<msg timestamp="20240109 10:42:52.475" level="INFO">Clicking element 'xpath://*[@id='content']/app-lead-sale/div/div/app-lead/div[1]/div[2]/div/div/div/div/app-dedupe-customer/form/div/div/div[1]/div[2]/div[4]/div/input'.</msg>
<status status="PASS" starttime="20240109 10:42:52.474" endtime="20240109 10:42:52.525"></status>
</kw>
<kw name="Select Date from Picker">
<arguments>
<arg>${date_of_birth}</arg>
</arguments>
<kw name="Split String" library="String">
<doc>Splits the ``string`` using ``separator`` as a delimiter string.</doc>
<arguments>
<arg>${date}</arg>
<arg>-</arg>
</arguments>
<assign>
<var>${year}</var>
</assign>
<msg timestamp="20240109 10:42:52.526" level="INFO">${year} = ['10', '14', '1993']</msg>
<status status="PASS" starttime="20240109 10:42:52.525" endtime="20240109 10:42:52.526"></status>
</kw>
<kw name="Set Variable" library="BuiltIn">
<doc>Returns the given values which can then be assigned to a variables.</doc>
<arguments>
<arg>${year[1]}</arg>
</arguments>
<assign>
<var>${month}</var>
</assign>
<msg timestamp="20240109 10:42:52.527" level="INFO">${month} = 14</msg>
<status status="PASS" starttime="20240109 10:42:52.526" endtime="20240109 10:42:52.527"></status>
</kw>
<kw name="Set Variable" library="BuiltIn">
<doc>Returns the given values which can then be assigned to a variables.</doc>
<arguments>
<arg>${year[2]}</arg>
</arguments>
<assign>
<var>${day}</var>
</assign>
<msg timestamp="20240109 10:42:52.528" level="INFO">${day} = 1993</msg>
<status status="PASS" starttime="20240109 10:42:52.527" endtime="20240109 10:42:52.528"></status>
</kw>
<kw name="Input Text" library="SeleniumLibrary">
<doc>Types the given ``text`` into text field identified by ``locator``.</doc>
<arguments>
<arg>xpath://*[@id='content']/app-lead-sale/div/div/app-lead/div[1]/div[2]/div/div/div/div/app-dedupe-customer/form/div/div/div[1]/div[2]/div[4]/div/input</arg>
<arg>${year}</arg>
</arguments>
<msg timestamp="20240109 10:42:52.529" level="INFO">Typing text '['10', '14', '1993']' into text field 'xpath://*[@id='content']/app-lead-sale/div/div/app-lead/div[1]/div[2]/div/div/div/div/app-dedupe-customer/form/div/div/div[1]/div[2]/div[4]/div/input'.</msg>
<status status="PASS" starttime="20240109 10:42:52.528" endtime="20240109 10:42:52.594"></status>
</kw>
<kw name="Input Text" library="SeleniumLibrary">
<doc>Types the given ``text`` into text field identified by ``locator``.</doc>
<arguments>
<arg>xpath://*[@id='content']/app-lead-sale/div/div/app-lead/div[1]/div[2]/div/div/div/div/app-dedupe-customer/form/div/div/div[1]/div[2]/div[4]/div/input</arg>
<arg>${month}</arg>
</arguments>
<msg timestamp="20240109 10:42:52.594" level="INFO">Typing text '14' into text field 'xpath://*[@id='content']/app-lead-sale/div/div/app-lead/div[1]/div[2]/div/div/div/div/app-dedupe-customer/form/div/div/div[1]/div[2]/div[4]/div/input'.</msg>
<status status="PASS" starttime="20240109 10:42:52.594" endtime="20240109 10:42:52.659"></status>
</kw>
<kw name="Input Text" library="SeleniumLibrary">
<doc>Types the given ``text`` into text field identified by ``locator``.</doc>
<arguments>
<arg>xpath://*[@id='content']/app-lead-sale/div/div/app-lead/div[1]/div[2]/div/div/div/div/app-dedupe-customer/form/div/div/div[1]/div[2]/div[4]/div/input</arg>
<arg>${day}</arg>
</arguments>
<msg timestamp="20240109 10:42:52.659" level="INFO">Typing text '1993' into text field 'xpath://*[@id='content']/app-lead-sale/div/div/app-lead/div[1]/div[2]/div/div/div/div/app-dedupe-customer/form/div/div/div[1]/div[2]/div[4]/div/input'.</msg>
<status status="PASS" starttime="20240109 10:42:52.659" endtime="20240109 10:42:52.709"></status>
</kw>
<status status="PASS" starttime="20240109 10:42:52.525" endtime="20240109 10:42:52.709"></status>
</kw>
<status status="PASS" starttime="20240109 10:42:52.474" endtime="20240109 10:42:52.709"></status>
</kw>
<kw name="Set Focus To Element" library="SeleniumLibrary">
<doc>Sets focus to element identified by ``locator``.</doc>
<arguments>
<arg>xpath://*[@id='content']/app-lead-sale/div/div/app-lead/div[1]/div[2]/div/div/div/div/app-dedupe-customer/form/div/div/div[1]/div[2]/div[4]/div/input</arg>
</arguments>
<status status="PASS" starttime="20240109 10:42:52.709" endtime="20240109 10:42:52.720"></status>
</kw>
<kw name="Input Text" library="SeleniumLibrary">
<doc>Types the given ``text`` into text field identified by ``locator``.</doc>
<arguments>
<arg>xpath://*[@id='content']/app-lead-sale/div/div/app-lead/div[1]/div[2]/div/div/div/div/app-dedupe-customer/form/div/div/div[1]/div[2]/div[4]/div/input</arg>
<arg>${DATE_OF_BIRTH}</arg>
</arguments>
<msg timestamp="20240109 10:42:52.720" level="INFO">Typing text '10-14-1993' into text field 'xpath://*[@id='content']/app-lead-sale/div/div/app-lead/div[1]/div[2]/div/div/div/div/app-dedupe-customer/form/div/div/div[1]/div[2]/div[4]/div/input'.</msg>
<status status="PASS" starttime="20240109 10:42:52.720" endtime="20240109 10:42:52.782"></status>
</kw>
<kw name="Wait Until Element Is Visible" library="SeleniumLibrary">
<doc>Waits until element ``locator`` is visible.</doc>
<arguments>
<arg>xpath://*[@id='content']/app-lead-sale/div/div/app-lead/div[1]/div[2]/div/div/div/div/app-dedupe-customer/form/div/div/div[1]/div[2]/div[4]/div/input</arg>
</arguments>
<status status="PASS" starttime="20240109 10:42:52.782" endtime="20240109 10:42:52.799"></status>
</kw>
<kw name="Scroll Element Into View" library="SeleniumLibrary">
<doc>Scrolls an element identified by ``locator`` into view.</doc>
<arguments>
<arg>xpath://*[@id='content']/app-lead-sale/div/div/app-lead/div[1]/div[2]/div/div/div/div/app-dedupe-customer/form/div/div/div[1]/div[2]/div[4]/div/input</arg>
</arguments>
<status status="PASS" starttime="20240109 10:42:52.800" endtime="20240109 10:42:53.090"></status>
</kw>
<kw name="Click Element" library="SeleniumLibrary">
<doc>Click element identified by ``locator``.</doc>
<arguments>
<arg>xpath://*[@id='content']/app-lead-sale/div/div/app-lead/div[1]/div[2]/div/div/div/div/app-dedupe-customer/form/div/div/div[1]/div[2]/div[4]/div/input</arg>
</arguments>
<msg timestamp="20240109 10:42:53.091" level="INFO">Clicking element 'xpath://*[@id='content']/app-lead-sale/div/div/app-lead/div[1]/div[2]/div/div/div/div/app-dedupe-customer/form/div/div/div[1]/div[2]/div[4]/div/input'.</msg>
<status status="PASS" starttime="20240109 10:42:53.091" endtime="20240109 10:42:53.128"></status>
</kw>
<status status="PASS" starttime="20240109 10:42:52.474" endtime="20240109 10:42:53.128" critical="yes"></status>
</test>
<test id="s1-s1-s1-t10" name="PAN No">
<kw name="Set Focus To Element" library="SeleniumLibrary">
<doc>Sets focus to element identified by ``locator``.</doc>
<arguments>
<arg>xpath://*[@id='content']/app-lead-sale/div/div/app-lead/div[1]/div[2]/div/div/div/div/app-dedupe-customer/form/div/div/div[1]/div[2]/div[5]/div/input</arg>
</arguments>
<status status="PASS" starttime="20240109 10:42:53.130" endtime="20240109 10:42:53.146"></status>
</kw>
<kw name="Input Text" library="SeleniumLibrary">
<doc>Types the given ``text`` into text field identified by ``locator``.</doc>
<arguments>
<arg>xpath://*[@id='content']/app-lead-sale/div/div/app-lead/div[1]/div[2]/div/div/div/div/app-dedupe-customer/form/div/div/div[1]/div[2]/div[5]/div/input</arg>
<arg>AWVPY4348J</arg>
</arguments>
<msg timestamp="20240109 10:42:53.147" level="INFO">Typing text 'AWVPY4348J' into text field 'xpath://*[@id='content']/app-lead-sale/div/div/app-lead/div[1]/div[2]/div/div/div/div/app-dedupe-customer/form/div/div/div[1]/div[2]/div[5]/div/input'.</msg>
<status status="PASS" starttime="20240109 10:42:53.147" endtime="20240109 10:42:53.211"></status>
</kw>
<status status="PASS" starttime="20240109 10:42:53.128" endtime="20240109 10:42:53.211" critical="yes"></status>
</test>
<test id="s1-s1-s1-t11" name="Aadhar No">
<kw name="Set Focus To Element" library="SeleniumLibrary">
<doc>Sets focus to element identified by ``locator``.</doc>
<arguments>
<arg>xpath://*[@id='content']/app-lead-sale/div/div/app-lead/div[1]/div[2]/div/div/div/div/app-dedupe-customer/form/div/div/div[1]/div[2]/div[6]/div/input</arg>
</arguments>
<status status="PASS" starttime="20240109 10:42:53.212" endtime="20240109 10:42:53.232"></status>
</kw>
<kw name="Input Text" library="SeleniumLibrary">
<doc>Types the given ``text`` into text field identified by ``locator``.</doc>
<arguments>
<arg>xpath://*[@id='content']/app-lead-sale/div/div/app-lead/div[1]/div[2]/div/div/div/div/app-dedupe-customer/form/div/div/div[1]/div[2]/div[6]/div/input</arg>
<arg>681408383472</arg>
</arguments>
<msg timestamp="20240109 10:42:53.234" level="INFO">Typing text '681408383472' into text field 'xpath://*[@id='content']/app-lead-sale/div/div/app-lead/div[1]/div[2]/div/div/div/div/app-dedupe-customer/form/div/div/div[1]/div[2]/div[6]/div/input'.</msg>
<status status="PASS" starttime="20240109 10:42:53.233" endtime="20240109 10:42:53.309"></status>
</kw>
<status status="PASS" starttime="20240109 10:42:53.211" endtime="20240109 10:42:53.309" critical="yes"></status>
</test>
<test id="s1-s1-s1-t12" name="Constitution">
<kw name="Set Focus To Element" library="SeleniumLibrary">
<doc>Sets focus to element identified by ``locator``.</doc>
<arguments>
<arg>xpath://*[@id='content']/app-lead-sale/div/div/app-lead/div[1]/div[2]/div/div/div/div/app-dedupe-customer/form/div/div/div[1]/div[2]/div[8]/div/select</arg>
</arguments>
<status status="PASS" starttime="20240109 10:42:53.310" endtime="20240109 10:42:53.332"></status>
</kw>
<kw name="Select From List By Value" library="SeleniumLibrary">
<doc>Selects options from selection list ``locator`` by ``values``.</doc>
<arguments>
<arg>xpath://*[@id='content']/app-lead-sale/div/div/app-lead/div[1]/div[2]/div/div/div/div/app-dedupe-customer/form/div/div/div[1]/div[2]/div[8]/div/select</arg>
<arg>SALARIED</arg>
</arguments>
<msg timestamp="20240109 10:42:53.333" level="INFO">Selecting options from selection list 'xpath://*[@id='content']/app-lead-sale/div/div/app-lead/div[1]/div[2]/div/div/div/div/app-dedupe-customer/form/div/div/div[1]/div[2]/div[8]/div/select' by value SALARIED.</msg>
<status status="PASS" starttime="20240109 10:42:53.333" endtime="20240109 10:42:53.376"></status>
</kw>
<status status="PASS" starttime="20240109 10:42:53.309" endtime="20240109 10:42:53.376" critical="yes"></status>
</test>
<test id="s1-s1-s1-t13" name="Mobile No">
<kw name="Set Focus To Element" library="SeleniumLibrary">
<doc>Sets focus to element identified by ``locator``.</doc>
<arguments>
<arg>xpath://*[@id='content']/app-lead-sale/div/div/app-lead/div[1]/div[2]/div/div/div/div/app-dedupe-customer/form/div/div/div[1]/div[3]/div[1]/div/input</arg>
</arguments>
<status status="PASS" starttime="20240109 10:42:53.378" endtime="20240109 10:42:53.395"></status>
</kw>
<kw name="Input Text" library="SeleniumLibrary">
<doc>Types the given ``text`` into text field identified by ``locator``.</doc>
<arguments>
<arg>xpath://*[@id='content']/app-lead-sale/div/div/app-lead/div[1]/div[2]/div/div/div/div/app-dedupe-customer/form/div/div/div[1]/div[3]/div[1]/div/input</arg>
<arg>8178089068</arg>
</arguments>
<msg timestamp="20240109 10:42:53.395" level="INFO">Typing text '8178089068' into text field 'xpath://*[@id='content']/app-lead-sale/div/div/app-lead/div[1]/div[2]/div/div/div/div/app-dedupe-customer/form/div/div/div[1]/div[3]/div[1]/div/input'.</msg>
<status status="PASS" starttime="20240109 10:42:53.395" endtime="20240109 10:42:53.455"></status>
</kw>
<status status="PASS" starttime="20240109 10:42:53.376" endtime="20240109 10:42:53.457" critical="yes"></status>
</test>
<test id="s1-s1-s1-t14" name="Email">
<kw name="Set Focus To Element" library="SeleniumLibrary">
<doc>Sets focus to element identified by ``locator``.</doc>
<arguments>
<arg>xpath://*[@id='content']/app-lead-sale/div/div/app-lead/div[1]/div[2]/div/div/div/div/app-dedupe-customer/form/div/div/div[1]/div[3]/div[2]/div/input</arg>
</arguments>
<status status="PASS" starttime="20240109 10:42:53.457" endtime="20240109 10:42:53.474"></status>
</kw>
<kw name="Input Text" library="SeleniumLibrary">
<doc>Types the given ``text`` into text field identified by ``locator``.</doc>
<arguments>
<arg>xpath://*[@id='content']/app-lead-sale/div/div/app-lead/div[1]/div[2]/div/div/div/div/app-dedupe-customer/form/div/div/div[1]/div[3]/div[2]/div/input</arg>
<arg>reyanshyadav8287@gmail.com</arg>
</arguments>
<msg timestamp="20240109 10:42:53.475" level="INFO">Typing text 'reyanshyadav8287@gmail.com' into text field 'xpath://*[@id='content']/app-lead-sale/div/div/app-lead/div[1]/div[2]/div/div/div/div/app-dedupe-customer/form/div/div/div[1]/div[3]/div[2]/div/input'.</msg>
<status status="PASS" starttime="20240109 10:42:53.475" endtime="20240109 10:42:53.560"></status>
</kw>
<status status="PASS" starttime="20240109 10:42:53.457" endtime="20240109 10:42:53.560" critical="yes"></status>
</test>
<test id="s1-s1-s1-t15" name="Click on Search">
<kw name="Set Focus To Element" library="SeleniumLibrary">
<doc>Sets focus to element identified by ``locator``.</doc>
<arguments>
<arg>xpath://*[@id='content']/app-lead-sale/div/div/app-lead/div[1]/div[2]/div/div/div/div/app-dedupe-customer/form/div/div/div[2]/button[1]/span</arg>
</arguments>
<status status="PASS" starttime="20240109 10:42:53.561" endtime="20240109 10:42:53.578"></status>
</kw>
<kw name="Click Element" library="SeleniumLibrary">
<doc>Click element identified by ``locator``.</doc>
<arguments>
<arg>xpath://*[@id='content']/app-lead-sale/div/div/app-lead/div[1]/div[2]/div/div/div/div/app-dedupe-customer/form/div/div/div[2]/button[1]/span</arg>
</arguments>
<msg timestamp="20240109 10:42:53.579" level="INFO">Clicking element 'xpath://*[@id='content']/app-lead-sale/div/div/app-lead/div[1]/div[2]/div/div/div/div/app-dedupe-customer/form/div/div/div[2]/button[1]/span'.</msg>
<status status="PASS" starttime="20240109 10:42:53.579" endtime="20240109 10:42:53.625"></status>
</kw>
<kw name="Sleep" library="BuiltIn">
<doc>Pauses the test executed for the given time.</doc>
<arguments>
<arg>3</arg>
</arguments>
<msg timestamp="20240109 10:42:56.628" level="INFO">Slept 3 seconds</msg>
<status status="PASS" starttime="20240109 10:42:53.625" endtime="20240109 10:42:56.628"></status>
</kw>
<status status="PASS" starttime="20240109 10:42:53.561" endtime="20240109 10:42:56.628" critical="yes"></status>
</test>
<test id="s1-s1-s1-t16" name="Click on Customer">
<kw name="Click Element" library="SeleniumLibrary">
<doc>Click element identified by ``locator``.</doc>
<arguments>
<arg>xpath://*[@id='content']/app-lead-sale/div/div/app-lead/div[1]/div[2]/div/div/div/ul/li[2]/span</arg>
</arguments>
<msg timestamp="20240109 10:42:56.630" level="INFO">Clicking element 'xpath://*[@id='content']/app-lead-sale/div/div/app-lead/div[1]/div[2]/div/div/div/ul/li[2]/span'.</msg>
<status status="PASS" starttime="20240109 10:42:56.629" endtime="20240109 10:42:56.703"></status>
</kw>
<status status="PASS" starttime="20240109 10:42:56.629" endtime="20240109 10:42:56.703" critical="yes"></status>
</test>
<test id="s1-s1-s1-t17" name="Customer Type">
<kw name="Set Focus To Element" library="SeleniumLibrary">
<doc>Sets focus to element identified by ``locator``.</doc>
<arguments>
<arg>xpath://*[@id='content']/app-lead-sale/div/div/app-lead/div[1]/div[2]/div/div/div/div/app-customer-basic-details/form/div/div[1]/div/div[1]/div[1]/div/ion-select</arg>
</arguments>
<status status="PASS" starttime="20240109 10:42:56.704" endtime="20240109 10:42:56.727"></status>
</kw>
<kw name="Scroll Element Into View" library="SeleniumLibrary">
<doc>Scrolls an element identified by ``locator`` into view.</doc>
<arguments>
<arg>xpath://*[@id='content']/app-lead-sale/div/div/app-lead/div[1]/div[2]/div/div/div/div/app-customer-basic-details/form/div/div[1]/div/div[1]/div[1]/div/ion-select</arg>
</arguments>
<status status="PASS" starttime="20240109 10:42:56.727" endtime="20240109 10:42:57.017"></status>
</kw>
<kw name="Select From List By Value" library="SeleniumLibrary">
<doc>Selects options from selection list ``locator`` by ``values``.</doc>
<arguments>
<arg>xpath://*[@id='content']/app-lead-sale/div/div/app-lead/div[1]/div[2]/div/div/div/div/app-customer-basic-details/form/div/div[1]/div/div[1]/div[1]/div/ion-select</arg>
<arg>I</arg>
</arguments>
<msg timestamp="20240109 10:42:57.018" level="INFO">Selecting options from selection list 'xpath://*[@id='content']/app-lead-sale/div/div/app-lead/div[1]/div[2]/div/div/div/div/app-customer-basic-details/form/div/div[1]/div/div[1]/div[1]/div/ion-select' by value I.</msg>
<kw name="Capture Page Screenshot" library="SeleniumLibrary">
<doc>Takes screenshot of the current page and embeds it into log file.</doc>
<msg timestamp="20240109 10:42:57.151" level="INFO" html="yes">&lt;/td&gt;&lt;/tr&gt;&lt;tr&gt;&lt;td colspan="3"&gt;&lt;a href="selenium-screenshot-33.png"&gt;&lt;img src="selenium-screenshot-33.png" width="800px"&gt;&lt;/a&gt;</msg>
<status status="PASS" starttime="20240109 10:42:57.030" endtime="20240109 10:42:57.151"></status>
</kw>
<msg timestamp="20240109 10:42:57.156" level="FAIL">List with locator 'xpath://*[@id='content']/app-lead-sale/div/div/app-lead/div[1]/div[2]/div/div/div/div/app-customer-basic-details/form/div/div[1]/div/div[1]/div[1]/div/ion-select' not found.</msg>
<status status="FAIL" starttime="20240109 10:42:57.017" endtime="20240109 10:42:57.157"></status>
</kw>
<status status="FAIL" starttime="20240109 10:42:56.703" endtime="20240109 10:42:57.157" critical="yes">List with locator 'xpath://*[@id='content']/app-lead-sale/div/div/app-lead/div[1]/div[2]/div/div/div/div/app-customer-basic-details/form/div/div[1]/div/div[1]/div[1]/div/ion-select' not found.</status>
</test>
<test id="s1-s1-s1-t18" name="Selection Type">
<kw name="Select From List By Value" library="SeleniumLibrary">
<doc>Selects options from selection list ``locator`` by ``values``.</doc>
<arguments>
<arg>xpath://*[@id='content']/app-lead-sale/div/div/app-lead/div[1]/div[2]/div/div/div/div/app-customer-basic-details/form/div/div[1]/div/div[2]/div[4]/div/select</arg>
<arg>P</arg>
</arguments>
<msg timestamp="20240109 10:42:57.158" level="INFO">Selecting options from selection list 'xpath://*[@id='content']/app-lead-sale/div/div/app-lead/div[1]/div[2]/div/div/div/div/app-customer-basic-details/form/div/div[1]/div/div[2]/div[4]/div/select' by value P.</msg>
<status status="PASS" starttime="20240109 10:42:57.158" endtime="20240109 10:42:57.202"></status>
</kw>
<kw name="Sleep" library="BuiltIn">
<doc>Pauses the test executed for the given time.</doc>
<arguments>
<arg>2</arg>
</arguments>
<msg timestamp="20240109 10:42:59.204" level="INFO">Slept 2 seconds</msg>
<status status="PASS" starttime="20240109 10:42:57.202" endtime="20240109 10:42:59.204"></status>
</kw>
<status status="PASS" starttime="20240109 10:42:57.157" endtime="20240109 10:42:59.204" critical="yes"></status>
</test>
<test id="s1-s1-s1-t19" name="Enter Aadhar No">
<kw name="Input Text" library="SeleniumLibrary">
<doc>Types the given ``text`` into text field identified by ``locator``.</doc>
<arguments>
<arg>xpath://*[@id='content']/app-lead-sale/div/div/app-lead/div[1]/div[2]/div/div/div/div/app-customer-basic-details/form/div/div[1]/div/div[2]/div[1]/div/input</arg>
<arg>681408383472</arg>
</arguments>
<msg timestamp="20240109 10:42:59.206" level="INFO">Typing text '681408383472' into text field 'xpath://*[@id='content']/app-lead-sale/div/div/app-lead/div[1]/div[2]/div/div/div/div/app-customer-basic-details/form/div/div[1]/div/div[2]/div[1]/div/input'.</msg>
<status status="PASS" starttime="20240109 10:42:59.205" endtime="20240109 10:42:59.288"></status>
</kw>
<status status="PASS" starttime="20240109 10:42:59.204" endtime="20240109 10:42:59.289" critical="yes"></status>
</test>
<test id="s1-s1-s1-t20" name="Enter Pan no">
<kw name="Input Text" library="SeleniumLibrary">
<doc>Types the given ``text`` into text field identified by ``locator``.</doc>
<arguments>
<arg>xpath://*[@id='content']/app-lead-sale/div/div/app-lead/div[1]/div[2]/div/div/div/div/app-customer-basic-details/form/div/div[1]/div/div[2]/div[2]/div/input</arg>
<arg>AWVPY4348J</arg>
</arguments>
<msg timestamp="20240109 10:42:59.290" level="INFO">Typing text 'AWVPY4348J' into text field 'xpath://*[@id='content']/app-lead-sale/div/div/app-lead/div[1]/div[2]/div/div/div/div/app-customer-basic-details/form/div/div[1]/div/div[2]/div[2]/div/input'.</msg>
<status status="PASS" starttime="20240109 10:42:59.290" endtime="20240109 10:42:59.375"></status>
</kw>
<status status="PASS" starttime="20240109 10:42:59.290" endtime="20240109 10:42:59.376" critical="yes"></status>
</test>
<test id="s1-s1-s1-t21" name="Enter First Name">
<kw name="Input Text" library="SeleniumLibrary">
<doc>Types the given ``text`` into text field identified by ``locator``.</doc>
<arguments>
<arg>xpath://*[@id='content']/app-lead-sale/div/div/app-lead/div[1]/div[2]/div/div/div/div/app-customer-basic-details/form/div/div[1]/div/div[2]/div[5]/div/input</arg>
<arg>Rahul</arg>
</arguments>
<msg timestamp="20240109 10:42:59.378" level="INFO">Typing text 'Rahul' into text field 'xpath://*[@id='content']/app-lead-sale/div/div/app-lead/div[1]/div[2]/div/div/div/div/app-customer-basic-details/form/div/div[1]/div/div[2]/div[5]/div/input'.</msg>
<status status="PASS" starttime="20240109 10:42:59.377" endtime="20240109 10:42:59.474"></status>
</kw>
<status status="PASS" starttime="20240109 10:42:59.377" endtime="20240109 10:42:59.474" critical="yes"></status>
</test>
<test id="s1-s1-s1-t22" name="Enter Last Name">
<kw name="Input Text" library="SeleniumLibrary">
<doc>Types the given ``text`` into text field identified by ``locator``.</doc>
<arguments>
<arg>xpath://*[@id='content']/app-lead-sale/div/div/app-lead/div[1]/div[2]/div/div/div/div/app-customer-basic-details/form/div/div[1]/div/div[2]/div[7]/div/input</arg>
<arg>Yadav</arg>
</arguments>
<msg timestamp="20240109 10:42:59.476" level="INFO">Typing text 'Yadav' into text field 'xpath://*[@id='content']/app-lead-sale/div/div/app-lead/div[1]/div[2]/div/div/div/div/app-customer-basic-details/form/div/div[1]/div/div[2]/div[7]/div/input'.</msg>
<status status="PASS" starttime="20240109 10:42:59.476" endtime="20240109 10:42:59.556"></status>
</kw>
<status status="PASS" starttime="20240109 10:42:59.475" endtime="20240109 10:42:59.556" critical="yes"></status>
</test>
<test id="s1-s1-s1-t23" name="Gender">
<kw name="Select From List By Value" library="SeleniumLibrary">
<doc>Selects options from selection list ``locator`` by ``values``.</doc>
<arguments>
<arg>xpath://*[@id='content']/app-lead-sale/div/div/app-lead/div[1]/div[2]/div/div/div/div/app-customer-basic-details/form/div/div[1]/div/div[2]/div[8]/div/select</arg>
<arg>M</arg>
</arguments>
<msg timestamp="20240109 10:42:59.557" level="INFO">Selecting options from selection list 'xpath://*[@id='content']/app-lead-sale/div/div/app-lead/div[1]/div[2]/div/div/div/div/app-customer-basic-details/form/div/div[1]/div/div[2]/div[8]/div/select' by value M.</msg>
<status status="PASS" starttime="20240109 10:42:59.556" endtime="20240109 10:42:59.606"></status>
</kw>
<status status="PASS" starttime="20240109 10:42:59.556" endtime="20240109 10:42:59.606" critical="yes"></status>
</test>
<test id="s1-s1-s1-t24" name="Select date of birth on customer">
<kw name="Date of Birth1">
<arguments>
<arg>${DATE_OF_BIRTH1}</arg>
</arguments>
<kw name="Click Element" library="SeleniumLibrary">
<doc>Click element identified by ``locator``.</doc>
<arguments>
<arg>xpath://*[@id='content']/app-lead-sale/div/div/app-lead/div[1]/div[2]/div/div/div/div/app-customer-basic-details/form/div/div[1]/div/div[2]/div[9]/div/input</arg>
</arguments>
<msg timestamp="20240109 10:42:59.608" level="INFO">Clicking element 'xpath://*[@id='content']/app-lead-sale/div/div/app-lead/div[1]/div[2]/div/div/div/div/app-customer-basic-details/form/div/div[1]/div/div[2]/div[9]/div/input'.</msg>
<status status="PASS" starttime="20240109 10:42:59.608" endtime="20240109 10:42:59.649"></status>
</kw>
<kw name="Select Date from Picker1">
<arguments>
<arg>${DATE_OF_BIRTH1}</arg>
</arguments>
<kw name="Split String" library="String">
<doc>Splits the ``string`` using ``separator`` as a delimiter string.</doc>
<arguments>
<arg>${date}</arg>
<arg>-</arg>
</arguments>
<assign>
<var>${year}</var>
</assign>
<msg timestamp="20240109 10:42:59.650" level="INFO">${year} = ['10', '14', '1993']</msg>
<status status="PASS" starttime="20240109 10:42:59.650" endtime="20240109 10:42:59.650"></status>
</kw>
<kw name="Set Variable" library="BuiltIn">
<doc>Returns the given values which can then be assigned to a variables.</doc>
<arguments>
<arg>${year[1]}</arg>
</arguments>
<assign>
<var>${month}</var>
</assign>
<msg timestamp="20240109 10:42:59.651" level="INFO">${month} = 14</msg>
<status status="PASS" starttime="20240109 10:42:59.650" endtime="20240109 10:42:59.651"></status>
</kw>
<kw name="Set Variable" library="BuiltIn">
<doc>Returns the given values which can then be assigned to a variables.</doc>
<arguments>
<arg>${year[2]}</arg>
</arguments>
<assign>
<var>${day}</var>
</assign>
<msg timestamp="20240109 10:42:59.652" level="INFO">${day} = 1993</msg>
<status status="PASS" starttime="20240109 10:42:59.651" endtime="20240109 10:42:59.652"></status>
</kw>
<kw name="Input Text" library="SeleniumLibrary">
<doc>Types the given ``text`` into text field identified by ``locator``.</doc>
<arguments>
<arg>xpath://*[@id='content']/app-lead-sale/div/div/app-lead/div[1]/div[2]/div/div/div/div/app-customer-basic-details/form/div/div[1]/div/div[2]/div[9]/div/input</arg>
<arg>${year}</arg>
</arguments>
<msg timestamp="20240109 10:42:59.652" level="INFO">Typing text '['10', '14', '1993']' into text field 'xpath://*[@id='content']/app-lead-sale/div/div/app-lead/div[1]/div[2]/div/div/div/div/app-customer-basic-details/form/div/div[1]/div/div[2]/div[9]/div/input'.</msg>
<status status="PASS" starttime="20240109 10:42:59.652" endtime="20240109 10:42:59.711"></status>
</kw>
<kw name="Input Text" library="SeleniumLibrary">
<doc>Types the given ``text`` into text field identified by ``locator``.</doc>
<arguments>
<arg>xpath://*[@id='content']/app-lead-sale/div/div/app-lead/div[1]/div[2]/div/div/div/div/app-customer-basic-details/form/div/div[1]/div/div[2]/div[9]/div/input</arg>
<arg>${month}</arg>
</arguments>
<msg timestamp="20240109 10:42:59.711" level="INFO">Typing text '14' into text field 'xpath://*[@id='content']/app-lead-sale/div/div/app-lead/div[1]/div[2]/div/div/div/div/app-customer-basic-details/form/div/div[1]/div/div[2]/div[9]/div/input'.</msg>
<status status="PASS" starttime="20240109 10:42:59.711" endtime="20240109 10:42:59.765"></status>
</kw>
<kw name="Input Text" library="SeleniumLibrary">
<doc>Types the given ``text`` into text field identified by ``locator``.</doc>
<arguments>
<arg>xpath://*[@id='content']/app-lead-sale/div/div/app-lead/div[1]/div[2]/div/div/div/div/app-customer-basic-details/form/div/div[1]/div/div[2]/div[9]/div/input</arg>
<arg>${day}</arg>
</arguments>
<msg timestamp="20240109 10:42:59.765" level="INFO">Typing text '1993' into text field 'xpath://*[@id='content']/app-lead-sale/div/div/app-lead/div[1]/div[2]/div/div/div/div/app-customer-basic-details/form/div/div[1]/div/div[2]/div[9]/div/input'.</msg>
<status status="PASS" starttime="20240109 10:42:59.765" endtime="20240109 10:42:59.828"></status>
</kw>
<status status="PASS" starttime="20240109 10:42:59.649" endtime="20240109 10:42:59.828"></status>
</kw>
<status status="PASS" starttime="20240109 10:42:59.607" endtime="20240109 10:42:59.829"></status>
</kw>
<kw name="Set Focus To Element" library="SeleniumLibrary">
<doc>Sets focus to element identified by ``locator``.</doc>
<arguments>
<arg>xpath://*[@id='content']/app-lead-sale/div/div/app-lead/div[1]/div[2]/div/div/div/div/app-customer-basic-details/form/div/div[1]/div/div[2]/div[9]/div/input</arg>
</arguments>
<status status="PASS" starttime="20240109 10:42:59.829" endtime="20240109 10:42:59.842"></status>
</kw>
<kw name="Input Text" library="SeleniumLibrary">
<doc>Types the given ``text`` into text field identified by ``locator``.</doc>
<arguments>
<arg>xpath://*[@id='content']/app-lead-sale/div/div/app-lead/div[1]/div[2]/div/div/div/div/app-customer-basic-details/form/div/div[1]/div/div[2]/div[9]/div/input</arg>
<arg>${DATE_OF_BIRTH1}</arg>
</arguments>
<msg timestamp="20240109 10:42:59.842" level="INFO">Typing text '10-14-1993' into text field 'xpath://*[@id='content']/app-lead-sale/div/div/app-lead/div[1]/div[2]/div/div/div/div/app-customer-basic-details/form/div/div[1]/div/div[2]/div[9]/div/input'.</msg>
<status status="PASS" starttime="20240109 10:42:59.842" endtime="20240109 10:42:59.920"></status>
</kw>
<kw name="Wait Until Element Is Visible" library="SeleniumLibrary">
<doc>Waits until element ``locator`` is visible.</doc>
<arguments>
<arg>xpath://*[@id='content']/app-lead-sale/div/div/app-lead/div[1]/div[2]/div/div/div/div/app-customer-basic-details/form/div/div[1]/div/div[2]/div[9]/div/input</arg>
</arguments>
<status status="PASS" starttime="20240109 10:42:59.921" endtime="20240109 10:42:59.943"></status>
</kw>
<kw name="Scroll Element Into View" library="SeleniumLibrary">
<doc>Scrolls an element identified by ``locator`` into view.</doc>
<arguments>
<arg>xpath://*[@id='content']/app-lead-sale/div/div/app-lead/div[1]/div[2]/div/div/div/div/app-customer-basic-details/form/div/div[1]/div/div[2]/div[9]/div/input</arg>
</arguments>
<status status="PASS" starttime="20240109 10:42:59.943" endtime="20240109 10:43:00.229"></status>
</kw>
<kw name="Click Element" library="SeleniumLibrary">
<doc>Click element identified by ``locator``.</doc>
<arguments>
<arg>xpath://*[@id='content']/app-lead-sale/div/div/app-lead/div[1]/div[2]/div/div/div/div/app-customer-basic-details/form/div/div[1]/div/div[2]/div[9]/div/input</arg>
</arguments>
<msg timestamp="20240109 10:43:00.229" level="INFO">Clicking element 'xpath://*[@id='content']/app-lead-sale/div/div/app-lead/div[1]/div[2]/div/div/div/div/app-customer-basic-details/form/div/div[1]/div/div[2]/div[9]/div/input'.</msg>
<status status="PASS" starttime="20240109 10:43:00.229" endtime="20240109 10:43:00.258"></status>
</kw>
<status status="PASS" starttime="20240109 10:42:59.606" endtime="20240109 10:43:00.259" critical="yes"></status>
</test>
<test id="s1-s1-s1-t25" name="Select Constitution on customer">
<kw name="Select From List By Value" library="SeleniumLibrary">
<doc>Selects options from selection list ``locator`` by ``values``.</doc>
<arguments>
<arg>xpath://*[@id='content']/app-lead-sale/div/div/app-lead/div[1]/div[2]/div/div/div/div/app-customer-basic-details/form/div/div[1]/div/div[2]/div[10]/div/select</arg>
<arg>SALARIED</arg>
</arguments>
<msg timestamp="20240109 10:43:00.261" level="INFO">Selecting options from selection list 'xpath://*[@id='content']/app-lead-sale/div/div/app-lead/div[1]/div[2]/div/div/div/div/app-customer-basic-details/form/div/div[1]/div/div[2]/div[10]/div/select' by value SALARIED.</msg>
<status status="PASS" starttime="20240109 10:43:00.260" endtime="20240109 10:43:00.306"></status>
</kw>
<status status="PASS" starttime="20240109 10:43:00.260" endtime="20240109 10:43:00.306" critical="yes"></status>
</test>
<test id="s1-s1-s1-t26" name="Enter Email">
<kw name="Input Text" library="SeleniumLibrary">
<doc>Types the given ``text`` into text field identified by ``locator``.</doc>
<arguments>
<arg>xpath://*[@id='content']/app-lead-sale/div/div/app-lead/div[1]/div[2]/div/div/div/div/app-customer-basic-details/form/div/div[1]/div/div[2]/div[11]/div/input</arg>
<arg>reyanshyadav8287@gmail.com</arg>
</arguments>
<msg timestamp="20240109 10:43:00.309" level="INFO">Typing text 'reyanshyadav8287@gmail.com' into text field 'xpath://*[@id='content']/app-lead-sale/div/div/app-lead/div[1]/div[2]/div/div/div/div/app-customer-basic-details/form/div/div[1]/div/div[2]/div[11]/div/input'.</msg>
<status status="PASS" starttime="20240109 10:43:00.308" endtime="20240109 10:43:00.427"></status>
</kw>
<status status="PASS" starttime="20240109 10:43:00.307" endtime="20240109 10:43:00.427" critical="yes"></status>
</test>
<test id="s1-s1-s1-t27" name="Enter mobile no">
<kw name="Input Text" library="SeleniumLibrary">
<doc>Types the given ``text`` into text field identified by ``locator``.</doc>
<arguments>
<arg>xpath://*[@id='content']/app-lead-sale/div/div/app-lead/div[1]/div[2]/div/div/div/div/app-customer-basic-details/form/div/div[1]/div/div[2]/div[12]/div/input</arg>
<arg>8178089068</arg>
</arguments>
<msg timestamp="20240109 10:43:00.429" level="INFO">Typing text '8178089068' into text field 'xpath://*[@id='content']/app-lead-sale/div/div/app-lead/div[1]/div[2]/div/div/div/div/app-customer-basic-details/form/div/div[1]/div/div[2]/div[12]/div/input'.</msg>
<status status="PASS" starttime="20240109 10:43:00.429" endtime="20240109 10:43:00.515"></status>
</kw>
<status status="PASS" starttime="20240109 10:43:00.428" endtime="20240109 10:43:00.516" critical="yes"></status>
</test>
<test id="s1-s1-s1-t28" name="upload photo">
<kw name="Sleep" library="BuiltIn">
<doc>Pauses the test executed for the given time.</doc>
<arguments>
<arg>3</arg>
</arguments>
<msg timestamp="20240109 10:43:03.518" level="INFO">Slept 3 seconds</msg>
<status status="PASS" starttime="20240109 10:43:00.517" endtime="20240109 10:43:03.518"></status>
</kw>
<kw name="Set Focus To Element" library="SeleniumLibrary">
<doc>Sets focus to element identified by ``locator``.</doc>
<arguments>
<arg>xpath://*[@id="content"]/app-lead-sale/div/div/app-lead/div[1]/div[2]/div/div/div/div/app-customer-basic-details/form/div/div[1]/div/div[1]/div[2]/div/ion-button</arg>
</arguments>
<status status="PASS" starttime="20240109 10:43:03.518" endtime="20240109 10:43:03.534"></status>
</kw>
<kw name="Scroll Element Into View" library="SeleniumLibrary">
<doc>Scrolls an element identified by ``locator`` into view.</doc>
<arguments>
<arg>xpath://*[@id='content']/app-lead-sale/div/div/app-lead/div[1]/div[2]/div/div/div/div/app-customer-basic-details/form/div/div[1]/div/div[1]/div[2]</arg>
</arguments>
<status status="PASS" starttime="20240109 10:43:03.535" endtime="20240109 10:43:03.809"></status>
</kw>
<kw name="Choose File" library="SeleniumLibrary">
<doc>Inputs the ``file_path`` into file input field ``locator``.</doc>
<arguments>
<arg>xpath: //*[@id='content']/app-lead-sale/div/div/app-lead/div[1]/div[2]/div/div/div/div/app-customer-basic-details/form/div/div[1]/div/div[1]/div[2]</arg>
<arg>${FILE_PATH}</arg>
</arguments>
<kw name="Capture Page Screenshot" library="SeleniumLibrary">
<doc>Takes screenshot of the current page and embeds it into log file.</doc>
<msg timestamp="20240109 10:43:03.966" level="INFO" html="yes">&lt;/td&gt;&lt;/tr&gt;&lt;tr&gt;&lt;td colspan="3"&gt;&lt;a href="selenium-screenshot-34.png"&gt;&lt;img src="selenium-screenshot-34.png" width="800px"&gt;&lt;/a&gt;</msg>
<status status="PASS" starttime="20240109 10:43:03.839" endtime="20240109 10:43:03.966"></status>
</kw>
<msg timestamp="20240109 10:43:03.971" level="FAIL">ElementNotInteractableException: Message: element not interactable
  (Session info: chrome=120.0.6099.131)
Stacktrace:
	GetHandleVerifier [0x00007FF7734A82B2+55298]
	(No symbol) [0x00007FF773415E02]
	(No symbol) [0x00007FF7732D045D]
	(No symbol) [0x00007FF77330CA37]
	(No symbol) [0x00007FF77330BD82]
	(No symbol) [0x00007FF7733320AA]
	(No symbol) [0x00007FF7733080CF]
	(No symbol) [0x00007FF7733322C0]
	(No symbol) [0x00007FF77334AAA4]
	(No symbol) [0x00007FF773331E83]
	(No symbol) [0x00007FF77330670A]
	(No symbol) [0x00007FF773307964]
	GetHandleVerifier [0x00007FF773820AAB+3694587]
	GetHandleVerifier [0x00007FF77387728E+4048862]
	GetHandleVerifier [0x00007FF77386F173+4015811]
	GetHandleVerifier [0x00007FF7735447D6+695590]
	(No symbol) [0x00007FF773420CE8]
	(No symbol) [0x00007FF77341CF34]
	(No symbol) [0x00007FF77341D062]
	(No symbol) [0x00007FF77340D3A3]
	BaseThreadInitThunk [0x00007FFAE0647344+20]
	RtlUserThreadStart [0x00007FFAE1A626B1+33]
</msg>
<status status="FAIL" starttime="20240109 10:43:03.809" endtime="20240109 10:43:03.972"></status>
</kw>
<status status="FAIL" starttime="20240109 10:43:00.516" endtime="20240109 10:43:03.972" critical="yes">ElementNotInteractableException: Message: element not interactable
  (Session info: chrome=120.0.6099.131)
Stacktrace:
	GetHandleVerifier [0x00007FF7734A82B2+55298]
	(No symbol) [0x00007FF773415E02]
	(No symbol) [0x00007FF7732D045D]
	(No symbol) [0x00007FF77330CA37]
	(No symbol) [0x00007FF77330BD82]
	(No symbol) [0x00007FF7733320AA]
	(No symbol) [0x00007FF7733080CF]
	(No symbol) [0x00007FF7733322C0]
	(No symbol) [0x00007FF77334AAA4]
	(No symbol) [0x00007FF773331E83]
	(No symbol) [0x00007FF77330670A]
	(No symbol) [0x00007FF773307964]
	GetHandleVerifier [0x00007FF773820AAB+3694587]
	GetHandleVerifier [0x00007FF77387728E+4048862]
	GetHandleVerifier [0x00007FF77386F173+4015811]
	GetHandleVerifier [0x00007FF7735447D6+695590]
	(No symbol) [0x00007FF773420CE8]
	(No symbol) [0x00007FF77341CF34]
	(No symbol) [0x00007FF77341D062]
	(No symbol) [0x00007FF77340D3A3]
	BaseThreadInitThunk [0x00007FFAE0647344+20]
	RtlUserThreadStart [0x00007FFAE1A626B1+33]
</status>
</test>
<test id="s1-s1-s1-t29" name="Click on next">
<kw name="Click Element" library="SeleniumLibrary">
<doc>Click element identified by ``locator``.</doc>
<arguments>
<arg>xpath://*[@id='content']/app-lead-sale/div/div/app-lead/div[1]/div[2]/div/div/div/div/app-customer-basic-details/form/div/div[2]/button</arg>
</arguments>
<msg timestamp="20240109 10:43:03.973" level="INFO">Clicking element 'xpath://*[@id='content']/app-lead-sale/div/div/app-lead/div[1]/div[2]/div/div/div/div/app-customer-basic-details/form/div/div[2]/button'.</msg>
<status status="PASS" starttime="20240109 10:43:03.972" endtime="20240109 10:43:04.033"></status>
</kw>
<status status="PASS" starttime="20240109 10:43:03.972" endtime="20240109 10:43:04.033" critical="yes"></status>
</test>
<kw name="Disconnect From Database" library="DatabaseLibrary" type="teardown">
<doc>Disconnects from the database.</doc>
<msg timestamp="20240109 10:43:04.035" level="INFO">Executing : Disconnect From Database</msg>
<status status="PASS" starttime="20240109 10:43:04.034" endtime="20240109 10:43:04.036"></status>
</kw>
<status status="FAIL" starttime="20240109 10:42:36.920" endtime="20240109 10:43:04.036"></status>
</suite>
<status status="FAIL" starttime="20240109 10:42:36.918" endtime="20240109 10:43:04.044"></status>
</suite>
<status status="FAIL" starttime="20240109 10:42:36.904" endtime="20240109 10:43:04.050"></status>
</suite>
<statistics>
<total>
<stat pass="27" fail="2">Critical Tests</stat>
<stat pass="27" fail="2">All Tests</stat>
</total>
<tag>
</tag>
<suite>
<stat pass="27" fail="2" id="s1" name="Satya Project">Satya Project</stat>
<stat pass="27" fail="2" id="s1-s1" name="TestCases">Satya Project.TestCases</stat>
<stat pass="27" fail="2" id="s1-s1-s1" name="Lead">Satya Project.TestCases.Lead</stat>
</suite>
</statistics>
<errors>
</errors>
</robot>
